myHadoop: Setting MH_IPOIB_TRANSFORM='s/\([^.]*\).*$/\1.ibnet/' from myhadoop.conf
myHadoop: Setting MH_SCRATCH_DIR=/scratch/$USER/$SLURM_JOBID from myhadoop.conf
myHadoop: Using HADOOP_HOME=/opt/hadoop/2.6.0
myHadoop: Using MH_SCRATCH_DIR=/scratch/sxs5919/37004700
myHadoop: Using JAVA_HOME=/lib/jvm/java
myHadoop: Generating Hadoop configuration in directory in /home/sxs5919/cometcluster...
myHadoop: Backing up old config dir to /home/sxs5919/cometcluster.8...
'/home/sxs5919/cometcluster' -> '/home/sxs5919/cometcluster.8'
myHadoop: Designating comet-14-01.ibnet as master node (namenode, secondary namenode, and jobtracker)
myHadoop: The following nodes will be slaves (datanode, tasktracer):
comet-14-01.ibnet
comet-14-02.ibnet
20/11/15 13:19:51 INFO namenode.NameNode: STARTUP_MSG: 
/************************************************************
STARTUP_MSG: Starting NameNode
STARTUP_MSG:   host = comet-14-01.sdsc.edu/198.202.112.231
STARTUP_MSG:   args = [-format]
STARTUP_MSG:   version = 2.6.0
STARTUP_MSG:   classpath = /home/sxs5919/cometcluster:/opt/hadoop/2.6.0/share/hadoop/common/lib/jersey-core-1.9.jar:/opt/hadoop/2.6.0/share/hadoop/common/lib/api-util-1.0.0-M20.jar:/opt/hadoop/2.6.0/share/hadoop/common/lib/jetty-6.1.26.jar:/opt/hadoop/2.6.0/share/hadoop/common/lib/junit-4.11.jar:/opt/hadoop/2.6.0/share/hadoop/common/lib/slf4j-api-1.7.5.jar:/opt/hadoop/2.6.0/share/hadoop/common/lib/netty-3.6.2.Final.jar:/opt/hadoop/2.6.0/share/hadoop/common/lib/activation-1.1.jar:/opt/hadoop/2.6.0/share/hadoop/common/lib/jettison-1.1.jar:/opt/hadoop/2.6.0/share/hadoop/common/lib/guava-11.0.2.jar:/opt/hadoop/2.6.0/share/hadoop/common/lib/curator-framework-2.6.0.jar:/opt/hadoop/2.6.0/share/hadoop/common/lib/jersey-server-1.9.jar:/opt/hadoop/2.6.0/share/hadoop/common/lib/commons-compress-1.4.1.jar:/opt/hadoop/2.6.0/share/hadoop/common/lib/jsch-0.1.42.jar:/opt/hadoop/2.6.0/share/hadoop/common/lib/jaxb-impl-2.2.3-1.jar:/opt/hadoop/2.6.0/share/hadoop/common/lib/htrace-core-3.0.4.jar:/opt/hadoop/2.6.0/share/hadoop/common/lib/apacheds-i18n-2.0.0-M15.jar:/opt/hadoop/2.6.0/share/hadoop/common/lib/jasper-compiler-5.5.23.jar:/opt/hadoop/2.6.0/share/hadoop/common/lib/commons-codec-1.4.jar:/opt/hadoop/2.6.0/share/hadoop/common/lib/commons-lang-2.6.jar:/opt/hadoop/2.6.0/share/hadoop/common/lib/xz-1.0.jar:/opt/hadoop/2.6.0/share/hadoop/common/lib/httpclient-4.2.5.jar:/opt/hadoop/2.6.0/share/hadoop/common/lib/asm-3.2.jar:/opt/hadoop/2.6.0/share/hadoop/common/lib/hamcrest-core-1.3.jar:/opt/hadoop/2.6.0/share/hadoop/common/lib/jets3t-0.9.0.jar:/opt/hadoop/2.6.0/share/hadoop/common/lib/curator-recipes-2.6.0.jar:/opt/hadoop/2.6.0/share/hadoop/common/lib/jackson-mapper-asl-1.9.13.jar:/opt/hadoop/2.6.0/share/hadoop/common/lib/jsr305-1.3.9.jar:/opt/hadoop/2.6.0/share/hadoop/common/lib/jaxb-api-2.2.2.jar:/opt/hadoop/2.6.0/share/hadoop/common/lib/jackson-jaxrs-1.9.13.jar:/opt/hadoop/2.6.0/share/hadoop/common/lib/hadoop-annotations-2.6.0.jar:/opt/hadoop/2.6.0/share/hadoop/common/lib/commons-cli-1.2.jar:/opt/hadoop/2.6.0/share/hadoop/common/lib/curator-client-2.6.0.jar:/opt/hadoop/2.6.0/share/hadoop/common/lib/hadoop-auth-2.6.0.jar:/opt/hadoop/2.6.0/share/hadoop/common/lib/commons-digester-1.8.jar:/opt/hadoop/2.6.0/share/hadoop/common/lib/commons-el-1.0.jar:/opt/hadoop/2.6.0/share/hadoop/common/lib/protobuf-java-2.5.0.jar:/opt/hadoop/2.6.0/share/hadoop/common/lib/commons-httpclient-3.1.jar:/opt/hadoop/2.6.0/share/hadoop/common/lib/commons-logging-1.1.3.jar:/opt/hadoop/2.6.0/share/hadoop/common/lib/jackson-core-asl-1.9.13.jar:/opt/hadoop/2.6.0/share/hadoop/common/lib/jetty-util-6.1.26.jar:/opt/hadoop/2.6.0/share/hadoop/common/lib/commons-collections-3.2.1.jar:/opt/hadoop/2.6.0/share/hadoop/common/lib/avro-1.7.4.jar:/opt/hadoop/2.6.0/share/hadoop/common/lib/httpcore-4.2.5.jar:/opt/hadoop/2.6.0/share/hadoop/common/lib/xmlenc-0.52.jar:/opt/hadoop/2.6.0/share/hadoop/common/lib/commons-configuration-1.6.jar:/opt/hadoop/2.6.0/share/hadoop/common/lib/paranamer-2.3.jar:/opt/hadoop/2.6.0/share/hadoop/common/lib/slf4j-log4j12-1.7.5.jar:/opt/hadoop/2.6.0/share/hadoop/common/lib/mockito-all-1.8.5.jar:/opt/hadoop/2.6.0/share/hadoop/common/lib/commons-beanutils-1.7.0.jar:/opt/hadoop/2.6.0/share/hadoop/common/lib/log4j-1.2.17.jar:/opt/hadoop/2.6.0/share/hadoop/common/lib/commons-io-2.4.jar:/opt/hadoop/2.6.0/share/hadoop/common/lib/jersey-json-1.9.jar:/opt/hadoop/2.6.0/share/hadoop/common/lib/commons-net-3.1.jar:/opt/hadoop/2.6.0/share/hadoop/common/lib/java-xmlbuilder-0.4.jar:/opt/hadoop/2.6.0/share/hadoop/common/lib/zookeeper-3.4.6.jar:/opt/hadoop/2.6.0/share/hadoop/common/lib/jackson-xc-1.9.13.jar:/opt/hadoop/2.6.0/share/hadoop/common/lib/servlet-api-2.5.jar:/opt/hadoop/2.6.0/share/hadoop/common/lib/api-asn1-api-1.0.0-M20.jar:/opt/hadoop/2.6.0/share/hadoop/common/lib/jsp-api-2.1.jar:/opt/hadoop/2.6.0/share/hadoop/common/lib/snappy-java-1.0.4.1.jar:/opt/hadoop/2.6.0/share/hadoop/common/lib/gson-2.2.4.jar:/opt/hadoop/2.6.0/share/hadoop/common/lib/stax-api-1.0-2.jar:/opt/hadoop/2.6.0/share/hadoop/common/lib/jasper-runtime-5.5.23.jar:/opt/hadoop/2.6.0/share/hadoop/common/lib/commons-beanutils-core-1.8.0.jar:/opt/hadoop/2.6.0/share/hadoop/common/lib/commons-math3-3.1.1.jar:/opt/hadoop/2.6.0/share/hadoop/common/lib/apacheds-kerberos-codec-2.0.0-M15.jar:/opt/hadoop/2.6.0/share/hadoop/common/hadoop-nfs-2.6.0.jar:/opt/hadoop/2.6.0/share/hadoop/common/hadoop-common-2.6.0.jar:/opt/hadoop/2.6.0/share/hadoop/common/hadoop-common-2.6.0-tests.jar:/opt/hadoop/2.6.0/share/hadoop/hdfs:/opt/hadoop/2.6.0/share/hadoop/hdfs/lib/jersey-core-1.9.jar:/opt/hadoop/2.6.0/share/hadoop/hdfs/lib/jetty-6.1.26.jar:/opt/hadoop/2.6.0/share/hadoop/hdfs/lib/netty-3.6.2.Final.jar:/opt/hadoop/2.6.0/share/hadoop/hdfs/lib/guava-11.0.2.jar:/opt/hadoop/2.6.0/share/hadoop/hdfs/lib/jersey-server-1.9.jar:/opt/hadoop/2.6.0/share/hadoop/hdfs/lib/xml-apis-1.3.04.jar:/opt/hadoop/2.6.0/share/hadoop/hdfs/lib/htrace-core-3.0.4.jar:/opt/hadoop/2.6.0/share/hadoop/hdfs/lib/commons-codec-1.4.jar:/opt/hadoop/2.6.0/share/hadoop/hdfs/lib/commons-daemon-1.0.13.jar:/opt/hadoop/2.6.0/share/hadoop/hdfs/lib/commons-lang-2.6.jar:/opt/hadoop/2.6.0/share/hadoop/hdfs/lib/asm-3.2.jar:/opt/hadoop/2.6.0/share/hadoop/hdfs/lib/jackson-mapper-asl-1.9.13.jar:/opt/hadoop/2.6.0/share/hadoop/hdfs/lib/jsr305-1.3.9.jar:/opt/hadoop/2.6.0/share/hadoop/hdfs/lib/commons-cli-1.2.jar:/opt/hadoop/2.6.0/share/hadoop/hdfs/lib/commons-el-1.0.jar:/opt/hadoop/2.6.0/share/hadoop/hdfs/lib/protobuf-java-2.5.0.jar:/opt/hadoop/2.6.0/share/hadoop/hdfs/lib/commons-logging-1.1.3.jar:/opt/hadoop/2.6.0/share/hadoop/hdfs/lib/jackson-core-asl-1.9.13.jar:/opt/hadoop/2.6.0/share/hadoop/hdfs/lib/jetty-util-6.1.26.jar:/opt/hadoop/2.6.0/share/hadoop/hdfs/lib/xmlenc-0.52.jar:/opt/hadoop/2.6.0/share/hadoop/hdfs/lib/log4j-1.2.17.jar:/opt/hadoop/2.6.0/share/hadoop/hdfs/lib/commons-io-2.4.jar:/opt/hadoop/2.6.0/share/hadoop/hdfs/lib/servlet-api-2.5.jar:/opt/hadoop/2.6.0/share/hadoop/hdfs/lib/xercesImpl-2.9.1.jar:/opt/hadoop/2.6.0/share/hadoop/hdfs/lib/jsp-api-2.1.jar:/opt/hadoop/2.6.0/share/hadoop/hdfs/lib/jasper-runtime-5.5.23.jar:/opt/hadoop/2.6.0/share/hadoop/hdfs/hadoop-hdfs-nfs-2.6.0.jar:/opt/hadoop/2.6.0/share/hadoop/hdfs/hadoop-hdfs-2.6.0.jar:/opt/hadoop/2.6.0/share/hadoop/hdfs/hadoop-hdfs-2.6.0-tests.jar:/opt/hadoop/2.6.0/share/hadoop/yarn/lib/jersey-core-1.9.jar:/opt/hadoop/2.6.0/share/hadoop/yarn/lib/guice-servlet-3.0.jar:/opt/hadoop/2.6.0/share/hadoop/yarn/lib/jetty-6.1.26.jar:/opt/hadoop/2.6.0/share/hadoop/yarn/lib/netty-3.6.2.Final.jar:/opt/hadoop/2.6.0/share/hadoop/yarn/lib/activation-1.1.jar:/opt/hadoop/2.6.0/share/hadoop/yarn/lib/jettison-1.1.jar:/opt/hadoop/2.6.0/share/hadoop/yarn/lib/guava-11.0.2.jar:/opt/hadoop/2.6.0/share/hadoop/yarn/lib/jersey-server-1.9.jar:/opt/hadoop/2.6.0/share/hadoop/yarn/lib/commons-compress-1.4.1.jar:/opt/hadoop/2.6.0/share/hadoop/yarn/lib/jaxb-impl-2.2.3-1.jar:/opt/hadoop/2.6.0/share/hadoop/yarn/lib/commons-codec-1.4.jar:/opt/hadoop/2.6.0/share/hadoop/yarn/lib/commons-lang-2.6.jar:/opt/hadoop/2.6.0/share/hadoop/yarn/lib/xz-1.0.jar:/opt/hadoop/2.6.0/share/hadoop/yarn/lib/asm-3.2.jar:/opt/hadoop/2.6.0/share/hadoop/yarn/lib/jersey-client-1.9.jar:/opt/hadoop/2.6.0/share/hadoop/yarn/lib/aopalliance-1.0.jar:/opt/hadoop/2.6.0/share/hadoop/yarn/lib/jackson-mapper-asl-1.9.13.jar:/opt/hadoop/2.6.0/share/hadoop/yarn/lib/jsr305-1.3.9.jar:/opt/hadoop/2.6.0/share/hadoop/yarn/lib/jersey-guice-1.9.jar:/opt/hadoop/2.6.0/share/hadoop/yarn/lib/jaxb-api-2.2.2.jar:/opt/hadoop/2.6.0/share/hadoop/yarn/lib/jackson-jaxrs-1.9.13.jar:/opt/hadoop/2.6.0/share/hadoop/yarn/lib/commons-cli-1.2.jar:/opt/hadoop/2.6.0/share/hadoop/yarn/lib/leveldbjni-all-1.8.jar:/opt/hadoop/2.6.0/share/hadoop/yarn/lib/protobuf-java-2.5.0.jar:/opt/hadoop/2.6.0/share/hadoop/yarn/lib/commons-httpclient-3.1.jar:/opt/hadoop/2.6.0/share/hadoop/yarn/lib/commons-logging-1.1.3.jar:/opt/hadoop/2.6.0/share/hadoop/yarn/lib/jackson-core-asl-1.9.13.jar:/opt/hadoop/2.6.0/share/hadoop/yarn/lib/jetty-util-6.1.26.jar:/opt/hadoop/2.6.0/share/hadoop/yarn/lib/commons-collections-3.2.1.jar:/opt/hadoop/2.6.0/share/hadoop/yarn/lib/javax.inject-1.jar:/opt/hadoop/2.6.0/share/hadoop/yarn/lib/guice-3.0.jar:/opt/hadoop/2.6.0/share/hadoop/yarn/lib/log4j-1.2.17.jar:/opt/hadoop/2.6.0/share/hadoop/yarn/lib/commons-io-2.4.jar:/opt/hadoop/2.6.0/share/hadoop/yarn/lib/jersey-json-1.9.jar:/opt/hadoop/2.6.0/share/hadoop/yarn/lib/zookeeper-3.4.6.jar:/opt/hadoop/2.6.0/share/hadoop/yarn/lib/jackson-xc-1.9.13.jar:/opt/hadoop/2.6.0/share/hadoop/yarn/lib/servlet-api-2.5.jar:/opt/hadoop/2.6.0/share/hadoop/yarn/lib/stax-api-1.0-2.jar:/opt/hadoop/2.6.0/share/hadoop/yarn/lib/jline-0.9.94.jar:/opt/hadoop/2.6.0/share/hadoop/yarn/hadoop-yarn-server-applicationhistoryservice-2.6.0.jar:/opt/hadoop/2.6.0/share/hadoop/yarn/hadoop-yarn-registry-2.6.0.jar:/opt/hadoop/2.6.0/share/hadoop/yarn/hadoop-yarn-api-2.6.0.jar:/opt/hadoop/2.6.0/share/hadoop/yarn/hadoop-yarn-server-resourcemanager-2.6.0.jar:/opt/hadoop/2.6.0/share/hadoop/yarn/hadoop-yarn-common-2.6.0.jar:/opt/hadoop/2.6.0/share/hadoop/yarn/hadoop-yarn-client-2.6.0.jar:/opt/hadoop/2.6.0/share/hadoop/yarn/hadoop-yarn-server-web-proxy-2.6.0.jar:/opt/hadoop/2.6.0/share/hadoop/yarn/hadoop-yarn-applications-unmanaged-am-launcher-2.6.0.jar:/opt/hadoop/2.6.0/share/hadoop/yarn/hadoop-yarn-applications-distributedshell-2.6.0.jar:/opt/hadoop/2.6.0/share/hadoop/yarn/hadoop-yarn-server-nodemanager-2.6.0.jar:/opt/hadoop/2.6.0/share/hadoop/yarn/hadoop-yarn-server-tests-2.6.0.jar:/opt/hadoop/2.6.0/share/hadoop/yarn/hadoop-yarn-server-common-2.6.0.jar:/opt/hadoop/2.6.0/share/hadoop/mapreduce/lib/jersey-core-1.9.jar:/opt/hadoop/2.6.0/share/hadoop/mapreduce/lib/guice-servlet-3.0.jar:/opt/hadoop/2.6.0/share/hadoop/mapreduce/lib/junit-4.11.jar:/opt/hadoop/2.6.0/share/hadoop/mapreduce/lib/netty-3.6.2.Final.jar:/opt/hadoop/2.6.0/share/hadoop/mapreduce/lib/jersey-server-1.9.jar:/opt/hadoop/2.6.0/share/hadoop/mapreduce/lib/commons-compress-1.4.1.jar:/opt/hadoop/2.6.0/share/hadoop/mapreduce/lib/xz-1.0.jar:/opt/hadoop/2.6.0/share/hadoop/mapreduce/lib/asm-3.2.jar:/opt/hadoop/2.6.0/share/hadoop/mapreduce/lib/hamcrest-core-1.3.jar:/opt/hadoop/2.6.0/share/hadoop/mapreduce/lib/aopalliance-1.0.jar:/opt/hadoop/2.6.0/share/hadoop/mapreduce/lib/jackson-mapper-asl-1.9.13.jar:/opt/hadoop/2.6.0/share/hadoop/mapreduce/lib/jersey-guice-1.9.jar:/opt/hadoop/2.6.0/share/hadoop/mapreduce/lib/hadoop-annotations-2.6.0.jar:/opt/hadoop/2.6.0/share/hadoop/mapreduce/lib/leveldbjni-all-1.8.jar:/opt/hadoop/2.6.0/share/hadoop/mapreduce/lib/protobuf-java-2.5.0.jar:/opt/hadoop/2.6.0/share/hadoop/mapreduce/lib/jackson-core-asl-1.9.13.jar:/opt/hadoop/2.6.0/share/hadoop/mapreduce/lib/avro-1.7.4.jar:/opt/hadoop/2.6.0/share/hadoop/mapreduce/lib/paranamer-2.3.jar:/opt/hadoop/2.6.0/share/hadoop/mapreduce/lib/javax.inject-1.jar:/opt/hadoop/2.6.0/share/hadoop/mapreduce/lib/guice-3.0.jar:/opt/hadoop/2.6.0/share/hadoop/mapreduce/lib/log4j-1.2.17.jar:/opt/hadoop/2.6.0/share/hadoop/mapreduce/lib/commons-io-2.4.jar:/opt/hadoop/2.6.0/share/hadoop/mapreduce/lib/snappy-java-1.0.4.1.jar:/opt/hadoop/2.6.0/share/hadoop/mapreduce/hadoop-mapreduce-examples-2.6.0.jar:/opt/hadoop/2.6.0/share/hadoop/mapreduce/hadoop-mapreduce-client-shuffle-2.6.0.jar:/opt/hadoop/2.6.0/share/hadoop/mapreduce/hadoop-mapreduce-client-core-2.6.0.jar:/opt/hadoop/2.6.0/share/hadoop/mapreduce/hadoop-mapreduce-client-app-2.6.0.jar:/opt/hadoop/2.6.0/share/hadoop/mapreduce/hadoop-mapreduce-client-hs-plugins-2.6.0.jar:/opt/hadoop/2.6.0/share/hadoop/mapreduce/hadoop-mapreduce-client-jobclient-2.6.0.jar:/opt/hadoop/2.6.0/share/hadoop/mapreduce/hadoop-mapreduce-client-common-2.6.0.jar:/opt/hadoop/2.6.0/share/hadoop/mapreduce/hadoop-mapreduce-client-hs-2.6.0.jar:/opt/hadoop/2.6.0/share/hadoop/mapreduce/hadoop-mapreduce-client-jobclient-2.6.0-tests.jar:/opt/hadoop/2.6.0/contrib/capacity-scheduler/*.jar
STARTUP_MSG:   build = https://git-wip-us.apache.org/repos/asf/hadoop.git -r e3496499ecb8d220fba99dc5ed4c99c8f9e33bb1; compiled by 'jenkins' on 2014-11-13T21:10Z
STARTUP_MSG:   java = 1.8.0_212
************************************************************/
20/11/15 13:19:51 INFO namenode.NameNode: registered UNIX signal handlers for [TERM, HUP, INT]
20/11/15 13:19:51 INFO namenode.NameNode: createNameNode [-format]
20/11/15 13:19:52 WARN common.Util: Path /scratch/sxs5919/37004700/namenode_data should be specified as a URI in configuration files. Please update hdfs configuration.
20/11/15 13:19:52 WARN common.Util: Path /scratch/sxs5919/37004700/namenode_data should be specified as a URI in configuration files. Please update hdfs configuration.
Formatting using clusterid: CID-c4ffbc4f-aad9-4cb6-9006-6b186f71607b
20/11/15 13:19:52 INFO namenode.FSNamesystem: No KeyProvider found.
20/11/15 13:19:52 INFO namenode.FSNamesystem: fsLock is fair:true
20/11/15 13:19:52 INFO blockmanagement.DatanodeManager: dfs.block.invalidate.limit=1000
20/11/15 13:19:52 INFO blockmanagement.DatanodeManager: dfs.namenode.datanode.registration.ip-hostname-check=true
20/11/15 13:19:52 INFO blockmanagement.BlockManager: dfs.namenode.startup.delay.block.deletion.sec is set to 000:00:00:00.000
20/11/15 13:19:52 INFO blockmanagement.BlockManager: The block deletion will start around 2020 Nov 15 13:19:52
20/11/15 13:19:52 INFO util.GSet: Computing capacity for map BlocksMap
20/11/15 13:19:52 INFO util.GSet: VM type       = 64-bit
20/11/15 13:19:52 INFO util.GSet: 2.0% max memory 966.7 MB = 19.3 MB
20/11/15 13:19:52 INFO util.GSet: capacity      = 2^21 = 2097152 entries
20/11/15 13:19:52 INFO blockmanagement.BlockManager: dfs.block.access.token.enable=false
20/11/15 13:19:52 INFO blockmanagement.BlockManager: defaultReplication         = 3
20/11/15 13:19:52 INFO blockmanagement.BlockManager: maxReplication             = 512
20/11/15 13:19:52 INFO blockmanagement.BlockManager: minReplication             = 1
20/11/15 13:19:52 INFO blockmanagement.BlockManager: maxReplicationStreams      = 2
20/11/15 13:19:52 INFO blockmanagement.BlockManager: shouldCheckForEnoughRacks  = false
20/11/15 13:19:52 INFO blockmanagement.BlockManager: replicationRecheckInterval = 3000
20/11/15 13:19:52 INFO blockmanagement.BlockManager: encryptDataTransfer        = false
20/11/15 13:19:52 INFO blockmanagement.BlockManager: maxNumBlocksToLog          = 1000
20/11/15 13:19:52 INFO namenode.FSNamesystem: fsOwner             = sxs5919 (auth:SIMPLE)
20/11/15 13:19:52 INFO namenode.FSNamesystem: supergroup          = supergroup
20/11/15 13:19:52 INFO namenode.FSNamesystem: isPermissionEnabled = true
20/11/15 13:19:52 INFO namenode.FSNamesystem: HA Enabled: false
20/11/15 13:19:52 INFO namenode.FSNamesystem: Append Enabled: true
20/11/15 13:19:52 INFO util.GSet: Computing capacity for map INodeMap
20/11/15 13:19:52 INFO util.GSet: VM type       = 64-bit
20/11/15 13:19:52 INFO util.GSet: 1.0% max memory 966.7 MB = 9.7 MB
20/11/15 13:19:52 INFO util.GSet: capacity      = 2^20 = 1048576 entries
20/11/15 13:19:52 INFO namenode.NameNode: Caching file names occuring more than 10 times
20/11/15 13:19:52 INFO util.GSet: Computing capacity for map cachedBlocks
20/11/15 13:19:52 INFO util.GSet: VM type       = 64-bit
20/11/15 13:19:52 INFO util.GSet: 0.25% max memory 966.7 MB = 2.4 MB
20/11/15 13:19:52 INFO util.GSet: capacity      = 2^18 = 262144 entries
20/11/15 13:19:52 INFO namenode.FSNamesystem: dfs.namenode.safemode.threshold-pct = 0.9990000128746033
20/11/15 13:19:52 INFO namenode.FSNamesystem: dfs.namenode.safemode.min.datanodes = 0
20/11/15 13:19:52 INFO namenode.FSNamesystem: dfs.namenode.safemode.extension     = 30000
20/11/15 13:19:52 INFO namenode.FSNamesystem: Retry cache on namenode is enabled
20/11/15 13:19:52 INFO namenode.FSNamesystem: Retry cache will use 0.03 of total heap and retry cache entry expiry time is 600000 millis
20/11/15 13:19:52 INFO util.GSet: Computing capacity for map NameNodeRetryCache
20/11/15 13:19:52 INFO util.GSet: VM type       = 64-bit
20/11/15 13:19:52 INFO util.GSet: 0.029999999329447746% max memory 966.7 MB = 297.0 KB
20/11/15 13:19:52 INFO util.GSet: capacity      = 2^15 = 32768 entries
20/11/15 13:19:52 INFO namenode.NNConf: ACLs enabled? false
20/11/15 13:19:52 INFO namenode.NNConf: XAttrs enabled? true
20/11/15 13:19:52 INFO namenode.NNConf: Maximum size of an xattr: 16384
20/11/15 13:19:52 INFO namenode.FSImage: Allocated new BlockPoolId: BP-329384480-198.202.112.231-1605475192466
20/11/15 13:19:52 INFO common.Storage: Storage directory /scratch/sxs5919/37004700/namenode_data has been successfully formatted.
20/11/15 13:19:52 INFO namenode.NNStorageRetentionManager: Going to retain 1 images with txid >= 0
20/11/15 13:19:52 INFO util.ExitUtil: Exiting with status 0
20/11/15 13:19:52 INFO namenode.NameNode: SHUTDOWN_MSG: 
/************************************************************
SHUTDOWN_MSG: Shutting down NameNode at comet-14-01.sdsc.edu/198.202.112.231
************************************************************/
Starting namenodes on [comet-14-01.ibnet]
comet-14-01.ibnet: starting namenode, logging to /scratch/sxs5919/37004700/logs/hadoop-sxs5919-namenode-comet-14-01.sdsc.edu.out
comet-14-01.ibnet: starting datanode, logging to /scratch/sxs5919/37004700/logs/hadoop-sxs5919-datanode-comet-14-01.sdsc.edu.out
comet-14-02.ibnet: starting datanode, logging to /scratch/sxs5919/37004700/logs/hadoop-sxs5919-datanode-comet-14-02.sdsc.edu.out
Starting secondary namenodes [comet-14-01.ibnet]
comet-14-01.ibnet: starting secondarynamenode, logging to /scratch/sxs5919/37004700/logs/hadoop-sxs5919-secondarynamenode-comet-14-01.sdsc.edu.out
starting yarn daemons
starting resourcemanager, logging to /scratch/sxs5919/37004700/logs/yarn-sxs5919-resourcemanager-comet-14-01.out
comet-14-02.ibnet: starting nodemanager, logging to /scratch/sxs5919/37004700/logs/yarn-sxs5919-nodemanager-comet-14-02.sdsc.edu.out
comet-14-01.ibnet: starting nodemanager, logging to /scratch/sxs5919/37004700/logs/yarn-sxs5919-nodemanager-comet-14-01.sdsc.edu.out
chown: changing ownership of '/tmp': Operation not permitted
starting historyserver, logging to /tmp/mapred-sxs5919-historyserver-comet-14-01.out
20/11/15 13:20:27 INFO pig.ExecTypeProvider: Trying ExecType : LOCAL
20/11/15 13:20:27 INFO pig.ExecTypeProvider: Trying ExecType : MAPREDUCE
20/11/15 13:20:27 INFO pig.ExecTypeProvider: Picked MAPREDUCE as the ExecType
2020-11-15 13:20:27,468 [main] INFO  org.apache.pig.Main - Apache Pig version 0.16.0 (r1746530) compiled Jun 01 2016, 23:10:49
2020-11-15 13:20:27,468 [main] INFO  org.apache.pig.Main - Logging error messages to: /home/sxs5919/project6/pig_1605475227447.log
2020-11-15 13:20:28,153 [main] INFO  org.apache.pig.impl.util.Utils - Default bootup file /home/sxs5919/.pigbootup not found
2020-11-15 13:20:28,319 [main] INFO  org.apache.hadoop.conf.Configuration.deprecation - mapred.job.tracker is deprecated. Instead, use mapreduce.jobtracker.address
2020-11-15 13:20:28,320 [main] INFO  org.apache.hadoop.conf.Configuration.deprecation - fs.default.name is deprecated. Instead, use fs.defaultFS
2020-11-15 13:20:28,320 [main] INFO  org.apache.pig.backend.hadoop.executionengine.HExecutionEngine - Connecting to hadoop file system at: hdfs://comet-14-01.ibnet:54310
2020-11-15 13:20:29,438 [main] INFO  org.apache.pig.PigServer - Pig Script ID for the session: PIG-graph.pig-aa1e9708-2bb0-4e72-a85b-14e178ae7ed9
2020-11-15 13:20:29,438 [main] WARN  org.apache.pig.PigServer - ATS is disabled since yarn.timeline-service.enabled set to false
2020-11-15 13:20:30,642 [main] INFO  org.apache.hadoop.conf.Configuration.deprecation - fs.default.name is deprecated. Instead, use fs.defaultFS
2020-11-15 13:20:30,792 [main] INFO  org.apache.hadoop.conf.Configuration.deprecation - fs.default.name is deprecated. Instead, use fs.defaultFS
2020-11-15 13:20:30,837 [main] INFO  org.apache.hadoop.conf.Configuration.deprecation - mapred.textoutputformat.separator is deprecated. Instead, use mapreduce.output.textoutputformat.separator
2020-11-15 13:20:30,860 [main] INFO  org.apache.pig.tools.pigstats.ScriptState - Pig features used in the script: GROUP_BY
2020-11-15 13:20:30,910 [main] INFO  org.apache.hadoop.conf.Configuration.deprecation - fs.default.name is deprecated. Instead, use fs.defaultFS
2020-11-15 13:20:30,923 [main] INFO  org.apache.pig.data.SchemaTupleBackend - Key [pig.schematuple] was not set... will not generate code.
2020-11-15 13:20:30,947 [main] INFO  org.apache.pig.newplan.logical.optimizer.LogicalPlanOptimizer - {RULES_ENABLED=[AddForEach, ColumnMapKeyPrune, ConstantCalculator, GroupByConstParallelSetter, LimitOptimizer, LoadTypeCastInserter, MergeFilter, MergeForEach, PartitionFilterOptimizer, PredicatePushdownOptimizer, PushDownForEachFlatten, PushUpFilter, SplitFilter, StreamTypeCastInserter]}
2020-11-15 13:20:31,004 [main] INFO  org.apache.pig.impl.util.SpillableMemoryManager - Selected heap (Tenured Gen) of size 699072512 to monitor. collectionUsageThreshold = 489350752, usageThreshold = 489350752
2020-11-15 13:20:31,048 [main] INFO  org.apache.pig.backend.hadoop.executionengine.mapReduceLayer.MRCompiler - File concatenation threshold: 100 optimistic? false
2020-11-15 13:20:31,088 [main] INFO  org.apache.pig.backend.hadoop.executionengine.util.CombinerOptimizerUtil - Choosing to move algebraic foreach to combiner
2020-11-15 13:20:31,099 [main] INFO  org.apache.pig.backend.hadoop.executionengine.util.CombinerOptimizerUtil - Choosing to move algebraic foreach to combiner
2020-11-15 13:20:31,119 [main] INFO  org.apache.pig.backend.hadoop.executionengine.mapReduceLayer.MultiQueryOptimizer - MR plan size before optimization: 2
2020-11-15 13:20:31,119 [main] INFO  org.apache.pig.backend.hadoop.executionengine.mapReduceLayer.MultiQueryOptimizer - MR plan size after optimization: 2
2020-11-15 13:20:31,159 [main] INFO  org.apache.hadoop.conf.Configuration.deprecation - fs.default.name is deprecated. Instead, use fs.defaultFS
2020-11-15 13:20:31,195 [main] INFO  org.apache.hadoop.yarn.client.RMProxy - Connecting to ResourceManager at comet-14-01.ibnet/10.22.252.158:8032
2020-11-15 13:20:31,489 [main] INFO  org.apache.pig.tools.pigstats.mapreduce.MRScriptState - Pig script settings are added to the job
2020-11-15 13:20:31,499 [main] INFO  org.apache.hadoop.conf.Configuration.deprecation - mapred.job.reduce.markreset.buffer.percent is deprecated. Instead, use mapreduce.reduce.markreset.buffer.percent
2020-11-15 13:20:31,499 [main] INFO  org.apache.pig.backend.hadoop.executionengine.mapReduceLayer.JobControlCompiler - mapred.job.reduce.markreset.buffer.percent is not set, set to default 0.3
2020-11-15 13:20:31,499 [main] INFO  org.apache.hadoop.conf.Configuration.deprecation - mapred.output.compress is deprecated. Instead, use mapreduce.output.fileoutputformat.compress
2020-11-15 13:20:31,500 [main] INFO  org.apache.pig.backend.hadoop.executionengine.mapReduceLayer.JobControlCompiler - Reduce phase detected, estimating # of required reducers.
2020-11-15 13:20:31,502 [main] INFO  org.apache.pig.backend.hadoop.executionengine.mapReduceLayer.JobControlCompiler - Using reducer estimator: org.apache.pig.backend.hadoop.executionengine.mapReduceLayer.InputSizeReducerEstimator
2020-11-15 13:20:31,508 [main] INFO  org.apache.pig.backend.hadoop.executionengine.mapReduceLayer.InputSizeReducerEstimator - BytesPerReducer=1000000000 maxReducers=999 totalInputFileSize=140791854
2020-11-15 13:20:31,510 [main] INFO  org.apache.pig.backend.hadoop.executionengine.mapReduceLayer.JobControlCompiler - Setting Parallelism to 1
2020-11-15 13:20:31,510 [main] INFO  org.apache.hadoop.conf.Configuration.deprecation - mapred.reduce.tasks is deprecated. Instead, use mapreduce.job.reduces
2020-11-15 13:20:31,511 [main] INFO  org.apache.pig.backend.hadoop.executionengine.mapReduceLayer.JobControlCompiler - This job cannot be converted run in-process
2020-11-15 13:20:31,538 [main] INFO  org.apache.hadoop.conf.Configuration.deprecation - mapred.submit.replication is deprecated. Instead, use mapreduce.client.submit.file.replication
2020-11-15 13:20:31,872 [main] INFO  org.apache.pig.backend.hadoop.executionengine.mapReduceLayer.JobControlCompiler - Added jar file:/oasis/projects/nsf/uot143/fegaras/pig-0.16.0/pig-0.16.0-core-h2.jar to DistributedCache through /tmp/temp1488747676/tmp-1210958767/pig-0.16.0-core-h2.jar
2020-11-15 13:20:31,997 [main] INFO  org.apache.pig.backend.hadoop.executionengine.mapReduceLayer.JobControlCompiler - Added jar file:/oasis/projects/nsf/uot143/fegaras/pig-0.16.0/lib/automaton-1.11-8.jar to DistributedCache through /tmp/temp1488747676/tmp-327119608/automaton-1.11-8.jar
2020-11-15 13:20:32,013 [main] INFO  org.apache.pig.backend.hadoop.executionengine.mapReduceLayer.JobControlCompiler - Added jar file:/oasis/projects/nsf/uot143/fegaras/pig-0.16.0/lib/antlr-runtime-3.4.jar to DistributedCache through /tmp/temp1488747676/tmp1663824523/antlr-runtime-3.4.jar
2020-11-15 13:20:32,039 [main] INFO  org.apache.pig.backend.hadoop.executionengine.mapReduceLayer.JobControlCompiler - Added jar file:/oasis/projects/nsf/uot143/fegaras/pig-0.16.0/lib/joda-time-2.9.3.jar to DistributedCache through /tmp/temp1488747676/tmp165184644/joda-time-2.9.3.jar
2020-11-15 13:20:32,053 [main] INFO  org.apache.pig.backend.hadoop.executionengine.mapReduceLayer.JobControlCompiler - Setting up single store job
2020-11-15 13:20:32,057 [main] INFO  org.apache.pig.data.SchemaTupleFrontend - Key [pig.schematuple] is false, will not generate code.
2020-11-15 13:20:32,057 [main] INFO  org.apache.pig.data.SchemaTupleFrontend - Starting process to move generated code to distributed cacche
2020-11-15 13:20:32,057 [main] INFO  org.apache.pig.data.SchemaTupleFrontend - Setting key [pig.schematuple.classes] with classes to deserialize []
2020-11-15 13:20:32,173 [main] INFO  org.apache.pig.backend.hadoop.executionengine.mapReduceLayer.MapReduceLauncher - 1 map-reduce job(s) waiting for submission.
2020-11-15 13:20:32,174 [main] INFO  org.apache.hadoop.conf.Configuration.deprecation - mapred.job.tracker.http.address is deprecated. Instead, use mapreduce.jobtracker.http.address
2020-11-15 13:20:32,185 [JobControl] INFO  org.apache.hadoop.yarn.client.RMProxy - Connecting to ResourceManager at comet-14-01.ibnet/10.22.252.158:8032
2020-11-15 13:20:32,212 [JobControl] INFO  org.apache.hadoop.conf.Configuration.deprecation - mapred.task.id is deprecated. Instead, use mapreduce.task.attempt.id
2020-11-15 13:20:32,216 [JobControl] INFO  org.apache.hadoop.conf.Configuration.deprecation - fs.default.name is deprecated. Instead, use fs.defaultFS
2020-11-15 13:20:32,420 [JobControl] WARN  org.apache.hadoop.mapreduce.JobSubmitter - No job jar file set.  User classes may not be found. See Job or Job#setJar(String).
2020-11-15 13:20:32,452 [JobControl] INFO  org.apache.pig.builtin.PigStorage - Using PigTextInputFormat
2020-11-15 13:20:32,456 [JobControl] INFO  org.apache.hadoop.mapreduce.lib.input.FileInputFormat - Total input paths to process : 1
2020-11-15 13:20:32,456 [JobControl] INFO  org.apache.pig.backend.hadoop.executionengine.util.MapRedUtil - Total input paths to process : 1
2020-11-15 13:20:32,484 [JobControl] INFO  org.apache.pig.backend.hadoop.executionengine.util.MapRedUtil - Total input paths (combined) to process : 1
2020-11-15 13:20:32,580 [JobControl] INFO  org.apache.hadoop.mapreduce.JobSubmitter - number of splits:1
2020-11-15 13:20:32,764 [JobControl] INFO  org.apache.hadoop.mapreduce.JobSubmitter - Submitting tokens for job: job_1605475213438_0001
2020-11-15 13:20:32,906 [JobControl] INFO  org.apache.hadoop.mapred.YARNRunner - Job jar is not present. Not adding any jar to the list of resources.
2020-11-15 13:20:33,082 [JobControl] INFO  org.apache.hadoop.yarn.client.api.impl.YarnClientImpl - Submitted application application_1605475213438_0001
2020-11-15 13:20:33,127 [JobControl] INFO  org.apache.hadoop.mapreduce.Job - The url to track the job: http://comet-14-01.ibnet:8088/proxy/application_1605475213438_0001/
2020-11-15 13:20:33,127 [main] INFO  org.apache.pig.backend.hadoop.executionengine.mapReduceLayer.MapReduceLauncher - HadoopJobId: job_1605475213438_0001
2020-11-15 13:20:33,127 [main] INFO  org.apache.pig.backend.hadoop.executionengine.mapReduceLayer.MapReduceLauncher - Processing aliases A,B,C
2020-11-15 13:20:33,127 [main] INFO  org.apache.pig.backend.hadoop.executionengine.mapReduceLayer.MapReduceLauncher - detailed locations: M: A[1,3],A[-1,-1],C[3,3],B[2,3] C: C[3,3],B[2,3] R: C[3,3]
2020-11-15 13:20:33,136 [main] INFO  org.apache.pig.backend.hadoop.executionengine.mapReduceLayer.MapReduceLauncher - 0% complete
2020-11-15 13:20:33,136 [main] INFO  org.apache.pig.backend.hadoop.executionengine.mapReduceLayer.MapReduceLauncher - Running jobs are [job_1605475213438_0001]
2020-11-15 13:20:47,695 [main] INFO  org.apache.pig.backend.hadoop.executionengine.mapReduceLayer.MapReduceLauncher - 4% complete
2020-11-15 13:20:47,696 [main] INFO  org.apache.pig.backend.hadoop.executionengine.mapReduceLayer.MapReduceLauncher - Running jobs are [job_1605475213438_0001]
2020-11-15 13:21:00,208 [main] INFO  org.apache.pig.backend.hadoop.executionengine.mapReduceLayer.MapReduceLauncher - 8% complete
2020-11-15 13:21:00,208 [main] INFO  org.apache.pig.backend.hadoop.executionengine.mapReduceLayer.MapReduceLauncher - Running jobs are [job_1605475213438_0001]
2020-11-15 13:21:12,719 [main] INFO  org.apache.pig.backend.hadoop.executionengine.mapReduceLayer.MapReduceLauncher - 13% complete
2020-11-15 13:21:12,719 [main] INFO  org.apache.pig.backend.hadoop.executionengine.mapReduceLayer.MapReduceLauncher - Running jobs are [job_1605475213438_0001]
2020-11-15 13:21:22,729 [main] INFO  org.apache.pig.backend.hadoop.executionengine.mapReduceLayer.MapReduceLauncher - 19% complete
2020-11-15 13:21:22,730 [main] INFO  org.apache.pig.backend.hadoop.executionengine.mapReduceLayer.MapReduceLauncher - Running jobs are [job_1605475213438_0001]
2020-11-15 13:21:25,233 [main] INFO  org.apache.pig.backend.hadoop.executionengine.mapReduceLayer.MapReduceLauncher - 25% complete
2020-11-15 13:21:25,233 [main] INFO  org.apache.pig.backend.hadoop.executionengine.mapReduceLayer.MapReduceLauncher - Running jobs are [job_1605475213438_0001]
2020-11-15 13:21:32,740 [main] INFO  org.apache.pig.backend.hadoop.executionengine.mapReduceLayer.MapReduceLauncher - 50% complete
2020-11-15 13:21:32,740 [main] INFO  org.apache.pig.backend.hadoop.executionengine.mapReduceLayer.MapReduceLauncher - Running jobs are [job_1605475213438_0001]
2020-11-15 13:21:33,244 [main] INFO  org.apache.hadoop.yarn.client.RMProxy - Connecting to ResourceManager at comet-14-01.ibnet/10.22.252.158:8032
2020-11-15 13:21:33,268 [main] INFO  org.apache.hadoop.mapred.ClientServiceDelegate - Application state is completed. FinalApplicationStatus=SUCCEEDED. Redirecting to job history server
2020-11-15 13:21:34,562 [main] INFO  org.apache.hadoop.yarn.client.RMProxy - Connecting to ResourceManager at comet-14-01.ibnet/10.22.252.158:8032
2020-11-15 13:21:34,568 [main] INFO  org.apache.hadoop.mapred.ClientServiceDelegate - Application state is completed. FinalApplicationStatus=SUCCEEDED. Redirecting to job history server
2020-11-15 13:21:34,654 [main] INFO  org.apache.hadoop.yarn.client.RMProxy - Connecting to ResourceManager at comet-14-01.ibnet/10.22.252.158:8032
2020-11-15 13:21:34,657 [main] INFO  org.apache.hadoop.mapred.ClientServiceDelegate - Application state is completed. FinalApplicationStatus=SUCCEEDED. Redirecting to job history server
2020-11-15 13:21:34,747 [main] INFO  org.apache.pig.tools.pigstats.mapreduce.MRScriptState - Pig script settings are added to the job
2020-11-15 13:21:34,748 [main] INFO  org.apache.pig.backend.hadoop.executionengine.mapReduceLayer.JobControlCompiler - mapred.job.reduce.markreset.buffer.percent is not set, set to default 0.3
2020-11-15 13:21:34,749 [main] INFO  org.apache.pig.backend.hadoop.executionengine.mapReduceLayer.JobControlCompiler - Reduce phase detected, estimating # of required reducers.
2020-11-15 13:21:34,749 [main] INFO  org.apache.pig.backend.hadoop.executionengine.mapReduceLayer.JobControlCompiler - Using reducer estimator: org.apache.pig.backend.hadoop.executionengine.mapReduceLayer.InputSizeReducerEstimator
2020-11-15 13:21:34,777 [main] INFO  org.apache.pig.backend.hadoop.executionengine.mapReduceLayer.InputSizeReducerEstimator - BytesPerReducer=1000000000 maxReducers=999 totalInputFileSize=5708598
2020-11-15 13:21:34,777 [main] INFO  org.apache.pig.backend.hadoop.executionengine.mapReduceLayer.JobControlCompiler - Setting Parallelism to 1
2020-11-15 13:21:34,777 [main] INFO  org.apache.pig.backend.hadoop.executionengine.mapReduceLayer.JobControlCompiler - This job cannot be converted run in-process
2020-11-15 13:21:34,868 [main] INFO  org.apache.pig.backend.hadoop.executionengine.mapReduceLayer.JobControlCompiler - Added jar file:/oasis/projects/nsf/uot143/fegaras/pig-0.16.0/pig-0.16.0-core-h2.jar to DistributedCache through /tmp/temp1488747676/tmp437649493/pig-0.16.0-core-h2.jar
2020-11-15 13:21:34,879 [main] INFO  org.apache.pig.backend.hadoop.executionengine.mapReduceLayer.JobControlCompiler - Added jar file:/oasis/projects/nsf/uot143/fegaras/pig-0.16.0/lib/automaton-1.11-8.jar to DistributedCache through /tmp/temp1488747676/tmp1583253906/automaton-1.11-8.jar
2020-11-15 13:21:34,890 [main] INFO  org.apache.pig.backend.hadoop.executionengine.mapReduceLayer.JobControlCompiler - Added jar file:/oasis/projects/nsf/uot143/fegaras/pig-0.16.0/lib/antlr-runtime-3.4.jar to DistributedCache through /tmp/temp1488747676/tmp-1962602955/antlr-runtime-3.4.jar
2020-11-15 13:21:34,910 [main] INFO  org.apache.pig.backend.hadoop.executionengine.mapReduceLayer.JobControlCompiler - Added jar file:/oasis/projects/nsf/uot143/fegaras/pig-0.16.0/lib/joda-time-2.9.3.jar to DistributedCache through /tmp/temp1488747676/tmp-1266217601/joda-time-2.9.3.jar
2020-11-15 13:21:34,912 [main] INFO  org.apache.pig.backend.hadoop.executionengine.mapReduceLayer.JobControlCompiler - Setting up single store job
2020-11-15 13:21:34,950 [main] INFO  org.apache.pig.data.SchemaTupleFrontend - Key [pig.schematuple] is false, will not generate code.
2020-11-15 13:21:34,950 [main] INFO  org.apache.pig.data.SchemaTupleFrontend - Starting process to move generated code to distributed cacche
2020-11-15 13:21:34,951 [main] INFO  org.apache.pig.data.SchemaTupleFrontend - Setting key [pig.schematuple.classes] with classes to deserialize []
2020-11-15 13:21:34,975 [main] INFO  org.apache.pig.backend.hadoop.executionengine.mapReduceLayer.MapReduceLauncher - 1 map-reduce job(s) waiting for submission.
2020-11-15 13:21:34,988 [JobControl] INFO  org.apache.hadoop.yarn.client.RMProxy - Connecting to ResourceManager at comet-14-01.ibnet/10.22.252.158:8032
2020-11-15 13:21:35,000 [JobControl] INFO  org.apache.hadoop.conf.Configuration.deprecation - fs.default.name is deprecated. Instead, use fs.defaultFS
2020-11-15 13:21:35,017 [JobControl] WARN  org.apache.hadoop.mapreduce.JobSubmitter - No job jar file set.  User classes may not be found. See Job or Job#setJar(String).
2020-11-15 13:21:35,046 [JobControl] INFO  org.apache.hadoop.mapreduce.lib.input.FileInputFormat - Total input paths to process : 1
2020-11-15 13:21:35,046 [JobControl] INFO  org.apache.pig.backend.hadoop.executionengine.util.MapRedUtil - Total input paths to process : 1
2020-11-15 13:21:35,047 [JobControl] INFO  org.apache.pig.backend.hadoop.executionengine.util.MapRedUtil - Total input paths (combined) to process : 1
2020-11-15 13:21:35,070 [JobControl] INFO  org.apache.hadoop.mapreduce.JobSubmitter - number of splits:1
2020-11-15 13:21:35,113 [JobControl] INFO  org.apache.hadoop.mapreduce.JobSubmitter - Submitting tokens for job: job_1605475213438_0002
2020-11-15 13:21:35,115 [JobControl] INFO  org.apache.hadoop.mapred.YARNRunner - Job jar is not present. Not adding any jar to the list of resources.
2020-11-15 13:21:35,134 [JobControl] INFO  org.apache.hadoop.yarn.client.api.impl.YarnClientImpl - Submitted application application_1605475213438_0002
2020-11-15 13:21:35,142 [JobControl] INFO  org.apache.hadoop.mapreduce.Job - The url to track the job: http://comet-14-01.ibnet:8088/proxy/application_1605475213438_0002/
2020-11-15 13:21:35,487 [main] INFO  org.apache.pig.backend.hadoop.executionengine.mapReduceLayer.MapReduceLauncher - HadoopJobId: job_1605475213438_0002
2020-11-15 13:21:35,487 [main] INFO  org.apache.pig.backend.hadoop.executionengine.mapReduceLayer.MapReduceLauncher - Processing aliases D,Final
2020-11-15 13:21:35,487 [main] INFO  org.apache.pig.backend.hadoop.executionengine.mapReduceLayer.MapReduceLauncher - detailed locations: M: Final[5,7],D[4,4] C: Final[5,7],D[4,4] R: Final[5,7]
2020-11-15 13:21:45,047 [main] INFO  org.apache.pig.backend.hadoop.executionengine.mapReduceLayer.MapReduceLauncher - 75% complete
2020-11-15 13:21:45,048 [main] INFO  org.apache.pig.backend.hadoop.executionengine.mapReduceLayer.MapReduceLauncher - Running jobs are [job_1605475213438_0002]
2020-11-15 13:21:49,551 [main] INFO  org.apache.pig.backend.hadoop.executionengine.mapReduceLayer.MapReduceLauncher - Running jobs are [job_1605475213438_0002]
2020-11-15 13:21:50,565 [main] INFO  org.apache.hadoop.yarn.client.RMProxy - Connecting to ResourceManager at comet-14-01.ibnet/10.22.252.158:8032
2020-11-15 13:21:50,601 [main] INFO  org.apache.hadoop.mapred.ClientServiceDelegate - Application state is completed. FinalApplicationStatus=SUCCEEDED. Redirecting to job history server
2020-11-15 13:21:50,733 [main] INFO  org.apache.hadoop.yarn.client.RMProxy - Connecting to ResourceManager at comet-14-01.ibnet/10.22.252.158:8032
2020-11-15 13:21:50,748 [main] INFO  org.apache.hadoop.mapred.ClientServiceDelegate - Application state is completed. FinalApplicationStatus=SUCCEEDED. Redirecting to job history server
2020-11-15 13:21:50,823 [main] INFO  org.apache.hadoop.yarn.client.RMProxy - Connecting to ResourceManager at comet-14-01.ibnet/10.22.252.158:8032
2020-11-15 13:21:50,827 [main] INFO  org.apache.hadoop.mapred.ClientServiceDelegate - Application state is completed. FinalApplicationStatus=SUCCEEDED. Redirecting to job history server
2020-11-15 13:21:50,883 [main] INFO  org.apache.pig.backend.hadoop.executionengine.mapReduceLayer.MapReduceLauncher - 100% complete
2020-11-15 13:21:50,926 [main] INFO  org.apache.pig.tools.pigstats.mapreduce.SimplePigStats - Script Statistics: 

HadoopVersion	PigVersion	UserId	StartedAt	FinishedAt	Features
2.6.0	0.16.0	sxs5919	2020-11-15 13:20:31	2020-11-15 13:21:50	GROUP_BY

Success!

Job Stats (time in seconds):
JobId	Maps	Reduces	MaxMapTime	MinMapTime	AvgMapTime	MedianMapTime	MaxReduceTime	MinReduceTime	AvgReduceTime	MedianReducetime	Alias	Feature	Outputs
job_1605475213438_0001	1	1	45	45	45	45	3	3	3	3	A,B,C	GROUP_BY,COMBINER	
job_1605475213438_0002	1	1	3	3	3	3	2	2	2	2	D,Final	GROUP_BY,COMBINER	/user/sxs5919/output,

Input(s):
Successfully read 10000000 records (140792240 bytes) from: "/user/sxs5919/large-graph.txt"

Output(s):
Successfully stored 291 records (2017 bytes) in: "/user/sxs5919/output"

Counters:
Total records written : 291
Total bytes written : 2017
Spillable Memory Manager spill count : 0
Total bags proactively spilled: 0
Total records proactively spilled: 0

Job DAG:
job_1605475213438_0001	->	job_1605475213438_0002,
job_1605475213438_0002


2020-11-15 13:21:50,927 [main] INFO  org.apache.hadoop.yarn.client.RMProxy - Connecting to ResourceManager at comet-14-01.ibnet/10.22.252.158:8032
2020-11-15 13:21:50,930 [main] INFO  org.apache.hadoop.mapred.ClientServiceDelegate - Application state is completed. FinalApplicationStatus=SUCCEEDED. Redirecting to job history server
2020-11-15 13:21:50,976 [main] INFO  org.apache.hadoop.yarn.client.RMProxy - Connecting to ResourceManager at comet-14-01.ibnet/10.22.252.158:8032
2020-11-15 13:21:50,980 [main] INFO  org.apache.hadoop.mapred.ClientServiceDelegate - Application state is completed. FinalApplicationStatus=SUCCEEDED. Redirecting to job history server
2020-11-15 13:21:51,047 [main] INFO  org.apache.hadoop.yarn.client.RMProxy - Connecting to ResourceManager at comet-14-01.ibnet/10.22.252.158:8032
2020-11-15 13:21:51,053 [main] INFO  org.apache.hadoop.mapred.ClientServiceDelegate - Application state is completed. FinalApplicationStatus=SUCCEEDED. Redirecting to job history server
2020-11-15 13:21:51,102 [main] INFO  org.apache.hadoop.yarn.client.RMProxy - Connecting to ResourceManager at comet-14-01.ibnet/10.22.252.158:8032
2020-11-15 13:21:51,119 [main] INFO  org.apache.hadoop.mapred.ClientServiceDelegate - Application state is completed. FinalApplicationStatus=SUCCEEDED. Redirecting to job history server
2020-11-15 13:21:51,156 [main] INFO  org.apache.hadoop.yarn.client.RMProxy - Connecting to ResourceManager at comet-14-01.ibnet/10.22.252.158:8032
2020-11-15 13:21:51,159 [main] INFO  org.apache.hadoop.mapred.ClientServiceDelegate - Application state is completed. FinalApplicationStatus=SUCCEEDED. Redirecting to job history server
2020-11-15 13:21:51,209 [main] INFO  org.apache.hadoop.yarn.client.RMProxy - Connecting to ResourceManager at comet-14-01.ibnet/10.22.252.158:8032
2020-11-15 13:21:51,214 [main] INFO  org.apache.hadoop.mapred.ClientServiceDelegate - Application state is completed. FinalApplicationStatus=SUCCEEDED. Redirecting to job history server
2020-11-15 13:21:51,252 [main] INFO  org.apache.pig.backend.hadoop.executionengine.mapReduceLayer.MapReduceLauncher - Success!
2020-11-15 13:21:51,283 [main] INFO  org.apache.pig.Main - Pig script completed in 1 minute, 24 seconds and 126 milliseconds (84126 ms)
chown: changing ownership of '/tmp': Operation not permitted
stopping historyserver
stopping yarn daemons
stopping resourcemanager
comet-14-02.ibnet: stopping nodemanager
comet-14-02.ibnet: nodemanager did not stop gracefully after 5 seconds: killing with kill -9
comet-14-01.ibnet: stopping nodemanager
comet-14-01.ibnet: nodemanager did not stop gracefully after 5 seconds: killing with kill -9
no proxyserver to stop
Stopping namenodes on [comet-14-01.ibnet]
comet-14-01.ibnet: stopping namenode
comet-14-02.ibnet: stopping datanode
comet-14-01.ibnet: stopping datanode
Stopping secondary namenodes [comet-14-01.ibnet]
comet-14-01.ibnet: stopping secondarynamenode
Copying Hadoop logs back to /home/sxs5919/cometcluster/logs...
'/scratch/sxs5919/37004700/logs' -> '/home/sxs5919/cometcluster/logs'
'/scratch/sxs5919/37004700/logs/hadoop-sxs5919-namenode-comet-14-01.sdsc.edu.out' -> '/home/sxs5919/cometcluster/logs/hadoop-sxs5919-namenode-comet-14-01.sdsc.edu.out'
'/scratch/sxs5919/37004700/logs/yarn-sxs5919-nodemanager-comet-14-01.sdsc.edu.log' -> '/home/sxs5919/cometcluster/logs/yarn-sxs5919-nodemanager-comet-14-01.sdsc.edu.log'
'/scratch/sxs5919/37004700/logs/yarn-sxs5919-resourcemanager-comet-14-01.log' -> '/home/sxs5919/cometcluster/logs/yarn-sxs5919-resourcemanager-comet-14-01.log'
'/scratch/sxs5919/37004700/logs/hadoop-sxs5919-datanode-comet-14-01.sdsc.edu.out' -> '/home/sxs5919/cometcluster/logs/hadoop-sxs5919-datanode-comet-14-01.sdsc.edu.out'
'/scratch/sxs5919/37004700/logs/userlogs' -> '/home/sxs5919/cometcluster/logs/userlogs'
'/scratch/sxs5919/37004700/logs/userlogs/application_1605475213438_0001' -> '/home/sxs5919/cometcluster/logs/userlogs/application_1605475213438_0001'
'/scratch/sxs5919/37004700/logs/userlogs/application_1605475213438_0001/container_1605475213438_0001_01_000003' -> '/home/sxs5919/cometcluster/logs/userlogs/application_1605475213438_0001/container_1605475213438_0001_01_000003'
'/scratch/sxs5919/37004700/logs/userlogs/application_1605475213438_0001/container_1605475213438_0001_01_000003/stderr' -> '/home/sxs5919/cometcluster/logs/userlogs/application_1605475213438_0001/container_1605475213438_0001_01_000003/stderr'
'/scratch/sxs5919/37004700/logs/userlogs/application_1605475213438_0001/container_1605475213438_0001_01_000003/syslog' -> '/home/sxs5919/cometcluster/logs/userlogs/application_1605475213438_0001/container_1605475213438_0001_01_000003/syslog'
'/scratch/sxs5919/37004700/logs/userlogs/application_1605475213438_0001/container_1605475213438_0001_01_000003/stdout' -> '/home/sxs5919/cometcluster/logs/userlogs/application_1605475213438_0001/container_1605475213438_0001_01_000003/stdout'
'/scratch/sxs5919/37004700/logs/userlogs/application_1605475213438_0001/container_1605475213438_0001_01_000001' -> '/home/sxs5919/cometcluster/logs/userlogs/application_1605475213438_0001/container_1605475213438_0001_01_000001'
'/scratch/sxs5919/37004700/logs/userlogs/application_1605475213438_0001/container_1605475213438_0001_01_000001/stderr' -> '/home/sxs5919/cometcluster/logs/userlogs/application_1605475213438_0001/container_1605475213438_0001_01_000001/stderr'
'/scratch/sxs5919/37004700/logs/userlogs/application_1605475213438_0001/container_1605475213438_0001_01_000001/syslog' -> '/home/sxs5919/cometcluster/logs/userlogs/application_1605475213438_0001/container_1605475213438_0001_01_000001/syslog'
'/scratch/sxs5919/37004700/logs/userlogs/application_1605475213438_0001/container_1605475213438_0001_01_000001/stdout' -> '/home/sxs5919/cometcluster/logs/userlogs/application_1605475213438_0001/container_1605475213438_0001_01_000001/stdout'
'/scratch/sxs5919/37004700/logs/userlogs/application_1605475213438_0001/container_1605475213438_0001_01_000002' -> '/home/sxs5919/cometcluster/logs/userlogs/application_1605475213438_0001/container_1605475213438_0001_01_000002'
'/scratch/sxs5919/37004700/logs/userlogs/application_1605475213438_0001/container_1605475213438_0001_01_000002/stderr' -> '/home/sxs5919/cometcluster/logs/userlogs/application_1605475213438_0001/container_1605475213438_0001_01_000002/stderr'
'/scratch/sxs5919/37004700/logs/userlogs/application_1605475213438_0001/container_1605475213438_0001_01_000002/syslog' -> '/home/sxs5919/cometcluster/logs/userlogs/application_1605475213438_0001/container_1605475213438_0001_01_000002/syslog'
'/scratch/sxs5919/37004700/logs/userlogs/application_1605475213438_0001/container_1605475213438_0001_01_000002/stdout' -> '/home/sxs5919/cometcluster/logs/userlogs/application_1605475213438_0001/container_1605475213438_0001_01_000002/stdout'
'/scratch/sxs5919/37004700/logs/hadoop-sxs5919-secondarynamenode-comet-14-01.sdsc.edu.log' -> '/home/sxs5919/cometcluster/logs/hadoop-sxs5919-secondarynamenode-comet-14-01.sdsc.edu.log'
'/scratch/sxs5919/37004700/logs/hadoop-sxs5919-secondarynamenode-comet-14-01.sdsc.edu.out' -> '/home/sxs5919/cometcluster/logs/hadoop-sxs5919-secondarynamenode-comet-14-01.sdsc.edu.out'
'/scratch/sxs5919/37004700/logs/hadoop-sxs5919-datanode-comet-14-01.sdsc.edu.log' -> '/home/sxs5919/cometcluster/logs/hadoop-sxs5919-datanode-comet-14-01.sdsc.edu.log'
'/scratch/sxs5919/37004700/logs/SecurityAuth-sxs5919.audit' -> '/home/sxs5919/cometcluster/logs/SecurityAuth-sxs5919.audit'
'/scratch/sxs5919/37004700/logs/yarn-sxs5919-resourcemanager-comet-14-01.out' -> '/home/sxs5919/cometcluster/logs/yarn-sxs5919-resourcemanager-comet-14-01.out'
'/scratch/sxs5919/37004700/logs/hadoop-sxs5919-namenode-comet-14-01.sdsc.edu.log' -> '/home/sxs5919/cometcluster/logs/hadoop-sxs5919-namenode-comet-14-01.sdsc.edu.log'
'/scratch/sxs5919/37004700/logs/yarn-sxs5919-nodemanager-comet-14-01.sdsc.edu.out' -> '/home/sxs5919/cometcluster/logs/yarn-sxs5919-nodemanager-comet-14-01.sdsc.edu.out'
removed directory: ‘/scratch/sxs5919/37004700/mapred_scratch/nmPrivate’
removed ‘/scratch/sxs5919/37004700/mapred_scratch/usercache/sxs5919/filecache/10/pig-0.16.0-core-h2.jar’
removed ‘/scratch/sxs5919/37004700/mapred_scratch/usercache/sxs5919/filecache/10/.tmp_pig-0.16.0-core-h2.jar.crc’
removed directory: ‘/scratch/sxs5919/37004700/mapred_scratch/usercache/sxs5919/filecache/10’
removed ‘/scratch/sxs5919/37004700/mapred_scratch/usercache/sxs5919/filecache/13/antlr-runtime-3.4.jar’
removed ‘/scratch/sxs5919/37004700/mapred_scratch/usercache/sxs5919/filecache/13/.tmp_antlr-runtime-3.4.jar.crc’
removed directory: ‘/scratch/sxs5919/37004700/mapred_scratch/usercache/sxs5919/filecache/13’
removed ‘/scratch/sxs5919/37004700/mapred_scratch/usercache/sxs5919/filecache/11/automaton-1.11-8.jar’
removed ‘/scratch/sxs5919/37004700/mapred_scratch/usercache/sxs5919/filecache/11/.tmp_automaton-1.11-8.jar.crc’
removed directory: ‘/scratch/sxs5919/37004700/mapred_scratch/usercache/sxs5919/filecache/11’
removed ‘/scratch/sxs5919/37004700/mapred_scratch/usercache/sxs5919/filecache/12/.tmp_joda-time-2.9.3.jar.crc’
removed ‘/scratch/sxs5919/37004700/mapred_scratch/usercache/sxs5919/filecache/12/joda-time-2.9.3.jar’
removed directory: ‘/scratch/sxs5919/37004700/mapred_scratch/usercache/sxs5919/filecache/12’
removed directory: ‘/scratch/sxs5919/37004700/mapred_scratch/usercache/sxs5919/filecache’
removed directory: ‘/scratch/sxs5919/37004700/mapred_scratch/usercache/sxs5919/appcache’
removed directory: ‘/scratch/sxs5919/37004700/mapred_scratch/usercache/sxs5919’
removed directory: ‘/scratch/sxs5919/37004700/mapred_scratch/usercache’
removed directory: ‘/scratch/sxs5919/37004700/mapred_scratch/filecache’
removed directory: ‘/scratch/sxs5919/37004700/mapred_scratch’
removed ‘/scratch/sxs5919/37004700/tmp/dfs/namesecondary/current/fsimage_0000000000000000084’
removed ‘/scratch/sxs5919/37004700/tmp/dfs/namesecondary/current/fsimage_0000000000000000084.md5’
removed ‘/scratch/sxs5919/37004700/tmp/dfs/namesecondary/current/fsimage_0000000000000000000’
removed ‘/scratch/sxs5919/37004700/tmp/dfs/namesecondary/current/edits_0000000000000000001-0000000000000000084’
removed ‘/scratch/sxs5919/37004700/tmp/dfs/namesecondary/current/VERSION’
removed ‘/scratch/sxs5919/37004700/tmp/dfs/namesecondary/current/fsimage_0000000000000000000.md5’
removed directory: ‘/scratch/sxs5919/37004700/tmp/dfs/namesecondary/current’
removed directory: ‘/scratch/sxs5919/37004700/tmp/dfs/namesecondary’
removed directory: ‘/scratch/sxs5919/37004700/tmp/dfs’
removed directory: ‘/scratch/sxs5919/37004700/tmp’
removed ‘/scratch/sxs5919/37004700/namenode_data/current/edits_inprogress_0000000000000000085’
removed ‘/scratch/sxs5919/37004700/namenode_data/current/fsimage_0000000000000000000’
removed ‘/scratch/sxs5919/37004700/namenode_data/current/fsimage_0000000000000000084’
removed ‘/scratch/sxs5919/37004700/namenode_data/current/fsimage_0000000000000000084.md5’
removed ‘/scratch/sxs5919/37004700/namenode_data/current/seen_txid’
removed ‘/scratch/sxs5919/37004700/namenode_data/current/VERSION’
removed ‘/scratch/sxs5919/37004700/namenode_data/current/edits_0000000000000000001-0000000000000000084’
removed ‘/scratch/sxs5919/37004700/namenode_data/current/fsimage_0000000000000000000.md5’
removed directory: ‘/scratch/sxs5919/37004700/namenode_data/current’
removed directory: ‘/scratch/sxs5919/37004700/namenode_data’
removed ‘/scratch/sxs5919/37004700/hdfs_data/current/VERSION’
removed directory: ‘/scratch/sxs5919/37004700/hdfs_data/current/BP-329384480-198.202.112.231-1605475192466/current/rbw’
removed ‘/scratch/sxs5919/37004700/hdfs_data/current/BP-329384480-198.202.112.231-1605475192466/current/VERSION’
removed ‘/scratch/sxs5919/37004700/hdfs_data/current/BP-329384480-198.202.112.231-1605475192466/current/finalized/subdir0/subdir0/blk_1073741851_1027.meta’
removed ‘/scratch/sxs5919/37004700/hdfs_data/current/BP-329384480-198.202.112.231-1605475192466/current/finalized/subdir0/subdir0/blk_1073741839_1015.meta’
removed ‘/scratch/sxs5919/37004700/hdfs_data/current/BP-329384480-198.202.112.231-1605475192466/current/finalized/subdir0/subdir0/blk_1073741826_1002.meta’
removed ‘/scratch/sxs5919/37004700/hdfs_data/current/BP-329384480-198.202.112.231-1605475192466/current/finalized/subdir0/subdir0/blk_1073741839’
removed ‘/scratch/sxs5919/37004700/hdfs_data/current/BP-329384480-198.202.112.231-1605475192466/current/finalized/subdir0/subdir0/blk_1073741838_1014.meta’
removed ‘/scratch/sxs5919/37004700/hdfs_data/current/BP-329384480-198.202.112.231-1605475192466/current/finalized/subdir0/subdir0/blk_1073741849_1025.meta’
removed ‘/scratch/sxs5919/37004700/hdfs_data/current/BP-329384480-198.202.112.231-1605475192466/current/finalized/subdir0/subdir0/blk_1073741849’
removed ‘/scratch/sxs5919/37004700/hdfs_data/current/BP-329384480-198.202.112.231-1605475192466/current/finalized/subdir0/subdir0/blk_1073741852’
removed ‘/scratch/sxs5919/37004700/hdfs_data/current/BP-329384480-198.202.112.231-1605475192466/current/finalized/subdir0/subdir0/blk_1073741825’
removed ‘/scratch/sxs5919/37004700/hdfs_data/current/BP-329384480-198.202.112.231-1605475192466/current/finalized/subdir0/subdir0/blk_1073741852_1028.meta’
removed ‘/scratch/sxs5919/37004700/hdfs_data/current/BP-329384480-198.202.112.231-1605475192466/current/finalized/subdir0/subdir0/blk_1073741825_1001.meta’
removed ‘/scratch/sxs5919/37004700/hdfs_data/current/BP-329384480-198.202.112.231-1605475192466/current/finalized/subdir0/subdir0/blk_1073741826’
removed ‘/scratch/sxs5919/37004700/hdfs_data/current/BP-329384480-198.202.112.231-1605475192466/current/finalized/subdir0/subdir0/blk_1073741851’
removed ‘/scratch/sxs5919/37004700/hdfs_data/current/BP-329384480-198.202.112.231-1605475192466/current/finalized/subdir0/subdir0/blk_1073741838’
removed directory: ‘/scratch/sxs5919/37004700/hdfs_data/current/BP-329384480-198.202.112.231-1605475192466/current/finalized/subdir0/subdir0’
removed directory: ‘/scratch/sxs5919/37004700/hdfs_data/current/BP-329384480-198.202.112.231-1605475192466/current/finalized/subdir0’
removed directory: ‘/scratch/sxs5919/37004700/hdfs_data/current/BP-329384480-198.202.112.231-1605475192466/current/finalized’
removed ‘/scratch/sxs5919/37004700/hdfs_data/current/BP-329384480-198.202.112.231-1605475192466/current/dfsUsed’
removed directory: ‘/scratch/sxs5919/37004700/hdfs_data/current/BP-329384480-198.202.112.231-1605475192466/current’
removed ‘/scratch/sxs5919/37004700/hdfs_data/current/BP-329384480-198.202.112.231-1605475192466/dncp_block_verification.log.curr’
removed directory: ‘/scratch/sxs5919/37004700/hdfs_data/current/BP-329384480-198.202.112.231-1605475192466/tmp’
removed ‘/scratch/sxs5919/37004700/hdfs_data/current/BP-329384480-198.202.112.231-1605475192466/dncp_block_verification.log.prev’
removed directory: ‘/scratch/sxs5919/37004700/hdfs_data/current/BP-329384480-198.202.112.231-1605475192466’
removed directory: ‘/scratch/sxs5919/37004700/hdfs_data/current’
removed directory: ‘/scratch/sxs5919/37004700/hdfs_data’
removed directory: ‘/scratch/sxs5919/37004700/pids’
removed ‘/scratch/sxs5919/37004700/logs/hadoop-sxs5919-namenode-comet-14-01.sdsc.edu.out’
removed ‘/scratch/sxs5919/37004700/logs/yarn-sxs5919-nodemanager-comet-14-01.sdsc.edu.log’
removed ‘/scratch/sxs5919/37004700/logs/yarn-sxs5919-resourcemanager-comet-14-01.log’
removed ‘/scratch/sxs5919/37004700/logs/hadoop-sxs5919-datanode-comet-14-01.sdsc.edu.out’
removed ‘/scratch/sxs5919/37004700/logs/userlogs/application_1605475213438_0001/container_1605475213438_0001_01_000003/stderr’
removed ‘/scratch/sxs5919/37004700/logs/userlogs/application_1605475213438_0001/container_1605475213438_0001_01_000003/syslog’
removed ‘/scratch/sxs5919/37004700/logs/userlogs/application_1605475213438_0001/container_1605475213438_0001_01_000003/stdout’
removed directory: ‘/scratch/sxs5919/37004700/logs/userlogs/application_1605475213438_0001/container_1605475213438_0001_01_000003’
removed ‘/scratch/sxs5919/37004700/logs/userlogs/application_1605475213438_0001/container_1605475213438_0001_01_000001/stderr’
removed ‘/scratch/sxs5919/37004700/logs/userlogs/application_1605475213438_0001/container_1605475213438_0001_01_000001/syslog’
removed ‘/scratch/sxs5919/37004700/logs/userlogs/application_1605475213438_0001/container_1605475213438_0001_01_000001/stdout’
removed directory: ‘/scratch/sxs5919/37004700/logs/userlogs/application_1605475213438_0001/container_1605475213438_0001_01_000001’
removed ‘/scratch/sxs5919/37004700/logs/userlogs/application_1605475213438_0001/container_1605475213438_0001_01_000002/stderr’
removed ‘/scratch/sxs5919/37004700/logs/userlogs/application_1605475213438_0001/container_1605475213438_0001_01_000002/syslog’
removed ‘/scratch/sxs5919/37004700/logs/userlogs/application_1605475213438_0001/container_1605475213438_0001_01_000002/stdout’
removed directory: ‘/scratch/sxs5919/37004700/logs/userlogs/application_1605475213438_0001/container_1605475213438_0001_01_000002’
removed directory: ‘/scratch/sxs5919/37004700/logs/userlogs/application_1605475213438_0001’
removed directory: ‘/scratch/sxs5919/37004700/logs/userlogs’
removed ‘/scratch/sxs5919/37004700/logs/hadoop-sxs5919-secondarynamenode-comet-14-01.sdsc.edu.log’
removed ‘/scratch/sxs5919/37004700/logs/hadoop-sxs5919-secondarynamenode-comet-14-01.sdsc.edu.out’
removed ‘/scratch/sxs5919/37004700/logs/hadoop-sxs5919-datanode-comet-14-01.sdsc.edu.log’
removed ‘/scratch/sxs5919/37004700/logs/SecurityAuth-sxs5919.audit’
removed ‘/scratch/sxs5919/37004700/logs/yarn-sxs5919-resourcemanager-comet-14-01.out’
removed ‘/scratch/sxs5919/37004700/logs/hadoop-sxs5919-namenode-comet-14-01.sdsc.edu.log’
removed ‘/scratch/sxs5919/37004700/logs/yarn-sxs5919-nodemanager-comet-14-01.sdsc.edu.out’
removed directory: ‘/scratch/sxs5919/37004700/logs’
removed directory: ‘/scratch/sxs5919/37004700/mapred_scratch/filecache’
removed directory: ‘/scratch/sxs5919/37004700/mapred_scratch/nmPrivate’
removed ‘/scratch/sxs5919/37004700/mapred_scratch/usercache/sxs5919/filecache/11/.tmp_automaton-1.11-8.jar.crc’
removed ‘/scratch/sxs5919/37004700/mapred_scratch/usercache/sxs5919/filecache/11/automaton-1.11-8.jar’
removed directory: ‘/scratch/sxs5919/37004700/mapred_scratch/usercache/sxs5919/filecache/11’
removed ‘/scratch/sxs5919/37004700/mapred_scratch/usercache/sxs5919/filecache/12/joda-time-2.9.3.jar’
removed ‘/scratch/sxs5919/37004700/mapred_scratch/usercache/sxs5919/filecache/12/.tmp_joda-time-2.9.3.jar.crc’
removed directory: ‘/scratch/sxs5919/37004700/mapred_scratch/usercache/sxs5919/filecache/12’
removed ‘/scratch/sxs5919/37004700/mapred_scratch/usercache/sxs5919/filecache/10/pig-0.16.0-core-h2.jar’
removed ‘/scratch/sxs5919/37004700/mapred_scratch/usercache/sxs5919/filecache/10/.tmp_pig-0.16.0-core-h2.jar.crc’
removed directory: ‘/scratch/sxs5919/37004700/mapred_scratch/usercache/sxs5919/filecache/10’
removed ‘/scratch/sxs5919/37004700/mapred_scratch/usercache/sxs5919/filecache/13/.tmp_antlr-runtime-3.4.jar.crc’
removed ‘/scratch/sxs5919/37004700/mapred_scratch/usercache/sxs5919/filecache/13/antlr-runtime-3.4.jar’
removed directory: ‘/scratch/sxs5919/37004700/mapred_scratch/usercache/sxs5919/filecache/13’
removed directory: ‘/scratch/sxs5919/37004700/mapred_scratch/usercache/sxs5919/filecache’
removed directory: ‘/scratch/sxs5919/37004700/mapred_scratch/usercache/sxs5919/appcache’
removed directory: ‘/scratch/sxs5919/37004700/mapred_scratch/usercache/sxs5919’
removed directory: ‘/scratch/sxs5919/37004700/mapred_scratch/usercache’
removed directory: ‘/scratch/sxs5919/37004700/mapred_scratch’
removed ‘/scratch/sxs5919/37004700/hdfs_data/current/BP-329384480-198.202.112.231-1605475192466/dncp_block_verification.log.curr’
removed ‘/scratch/sxs5919/37004700/hdfs_data/current/BP-329384480-198.202.112.231-1605475192466/dncp_block_verification.log.prev’
removed ‘/scratch/sxs5919/37004700/hdfs_data/current/BP-329384480-198.202.112.231-1605475192466/current/finalized/subdir0/subdir0/blk_1073741852_1028.meta’
removed ‘/scratch/sxs5919/37004700/hdfs_data/current/BP-329384480-198.202.112.231-1605475192466/current/finalized/subdir0/subdir0/blk_1073741825_1001.meta’
removed ‘/scratch/sxs5919/37004700/hdfs_data/current/BP-329384480-198.202.112.231-1605475192466/current/finalized/subdir0/subdir0/blk_1073741852’
removed ‘/scratch/sxs5919/37004700/hdfs_data/current/BP-329384480-198.202.112.231-1605475192466/current/finalized/subdir0/subdir0/blk_1073741825’
removed ‘/scratch/sxs5919/37004700/hdfs_data/current/BP-329384480-198.202.112.231-1605475192466/current/finalized/subdir0/subdir0/blk_1073741826’
removed ‘/scratch/sxs5919/37004700/hdfs_data/current/BP-329384480-198.202.112.231-1605475192466/current/finalized/subdir0/subdir0/blk_1073741851’
removed ‘/scratch/sxs5919/37004700/hdfs_data/current/BP-329384480-198.202.112.231-1605475192466/current/finalized/subdir0/subdir0/blk_1073741838’
removed ‘/scratch/sxs5919/37004700/hdfs_data/current/BP-329384480-198.202.112.231-1605475192466/current/finalized/subdir0/subdir0/blk_1073741851_1027.meta’
removed ‘/scratch/sxs5919/37004700/hdfs_data/current/BP-329384480-198.202.112.231-1605475192466/current/finalized/subdir0/subdir0/blk_1073741839_1015.meta’
removed ‘/scratch/sxs5919/37004700/hdfs_data/current/BP-329384480-198.202.112.231-1605475192466/current/finalized/subdir0/subdir0/blk_1073741826_1002.meta’
removed ‘/scratch/sxs5919/37004700/hdfs_data/current/BP-329384480-198.202.112.231-1605475192466/current/finalized/subdir0/subdir0/blk_1073741839’
removed ‘/scratch/sxs5919/37004700/hdfs_data/current/BP-329384480-198.202.112.231-1605475192466/current/finalized/subdir0/subdir0/blk_1073741838_1014.meta’
removed ‘/scratch/sxs5919/37004700/hdfs_data/current/BP-329384480-198.202.112.231-1605475192466/current/finalized/subdir0/subdir0/blk_1073741849_1025.meta’
removed ‘/scratch/sxs5919/37004700/hdfs_data/current/BP-329384480-198.202.112.231-1605475192466/current/finalized/subdir0/subdir0/blk_1073741849’
removed directory: ‘/scratch/sxs5919/37004700/hdfs_data/current/BP-329384480-198.202.112.231-1605475192466/current/finalized/subdir0/subdir0’
removed directory: ‘/scratch/sxs5919/37004700/hdfs_data/current/BP-329384480-198.202.112.231-1605475192466/current/finalized/subdir0’
removed directory: ‘/scratch/sxs5919/37004700/hdfs_data/current/BP-329384480-198.202.112.231-1605475192466/current/finalized’
removed ‘/scratch/sxs5919/37004700/hdfs_data/current/BP-329384480-198.202.112.231-1605475192466/current/VERSION’
removed ‘/scratch/sxs5919/37004700/hdfs_data/current/BP-329384480-198.202.112.231-1605475192466/current/dfsUsed’
removed directory: ‘/scratch/sxs5919/37004700/hdfs_data/current/BP-329384480-198.202.112.231-1605475192466/current/rbw’
removed directory: ‘/scratch/sxs5919/37004700/hdfs_data/current/BP-329384480-198.202.112.231-1605475192466/current’
removed directory: ‘/scratch/sxs5919/37004700/hdfs_data/current/BP-329384480-198.202.112.231-1605475192466/tmp’
removed directory: ‘/scratch/sxs5919/37004700/hdfs_data/current/BP-329384480-198.202.112.231-1605475192466’
removed ‘/scratch/sxs5919/37004700/hdfs_data/current/VERSION’
removed directory: ‘/scratch/sxs5919/37004700/hdfs_data/current’
removed directory: ‘/scratch/sxs5919/37004700/hdfs_data’
removed directory: ‘/scratch/sxs5919/37004700/pids’
removed ‘/scratch/sxs5919/37004700/logs/yarn-sxs5919-nodemanager-comet-14-02.sdsc.edu.out’
removed ‘/scratch/sxs5919/37004700/logs/hadoop-sxs5919-datanode-comet-14-02.sdsc.edu.out’
removed ‘/scratch/sxs5919/37004700/logs/userlogs/application_1605475213438_0002/container_1605475213438_0002_01_000002/stderr’
removed ‘/scratch/sxs5919/37004700/logs/userlogs/application_1605475213438_0002/container_1605475213438_0002_01_000002/syslog’
removed ‘/scratch/sxs5919/37004700/logs/userlogs/application_1605475213438_0002/container_1605475213438_0002_01_000002/stdout’
removed directory: ‘/scratch/sxs5919/37004700/logs/userlogs/application_1605475213438_0002/container_1605475213438_0002_01_000002’
removed ‘/scratch/sxs5919/37004700/logs/userlogs/application_1605475213438_0002/container_1605475213438_0002_01_000001/stdout’
removed ‘/scratch/sxs5919/37004700/logs/userlogs/application_1605475213438_0002/container_1605475213438_0002_01_000001/syslog’
removed ‘/scratch/sxs5919/37004700/logs/userlogs/application_1605475213438_0002/container_1605475213438_0002_01_000001/stderr’
removed directory: ‘/scratch/sxs5919/37004700/logs/userlogs/application_1605475213438_0002/container_1605475213438_0002_01_000001’
removed ‘/scratch/sxs5919/37004700/logs/userlogs/application_1605475213438_0002/container_1605475213438_0002_01_000003/stderr’
removed ‘/scratch/sxs5919/37004700/logs/userlogs/application_1605475213438_0002/container_1605475213438_0002_01_000003/stdout’
removed ‘/scratch/sxs5919/37004700/logs/userlogs/application_1605475213438_0002/container_1605475213438_0002_01_000003/syslog’
removed directory: ‘/scratch/sxs5919/37004700/logs/userlogs/application_1605475213438_0002/container_1605475213438_0002_01_000003’
removed directory: ‘/scratch/sxs5919/37004700/logs/userlogs/application_1605475213438_0002’
removed directory: ‘/scratch/sxs5919/37004700/logs/userlogs’
removed ‘/scratch/sxs5919/37004700/logs/SecurityAuth-sxs5919.audit’
removed ‘/scratch/sxs5919/37004700/logs/hadoop-sxs5919-datanode-comet-14-02.sdsc.edu.log’
removed ‘/scratch/sxs5919/37004700/logs/yarn-sxs5919-nodemanager-comet-14-02.sdsc.edu.log’
removed directory: ‘/scratch/sxs5919/37004700/logs’
removed directory: '/tmp/Jetty_0_0_0_0_50070_hdfs____w2cu08_798334922830485928/jsp'
removed directory: '/tmp/Jetty_0_0_0_0_50070_hdfs____w2cu08_798334922830485928/.active'
removed directory: '/tmp/Jetty_0_0_0_0_50070_hdfs____w2cu08_798334922830485928'
removed directory: '/tmp/Jetty_0_0_0_0_50075_datanode____hwtdwq_56722665212598253/jsp'
removed directory: '/tmp/Jetty_0_0_0_0_50075_datanode____hwtdwq_56722665212598253/.active'
removed directory: '/tmp/Jetty_0_0_0_0_50075_datanode____hwtdwq_56722665212598253'
removed directory: '/tmp/Jetty_comet.14.01_ibnet_50090_secondary____.df0qd1_7648134367414448855/jsp'
removed directory: '/tmp/Jetty_comet.14.01_ibnet_50090_secondary____.df0qd1_7648134367414448855/.active'
removed directory: '/tmp/Jetty_comet.14.01_ibnet_50090_secondary____.df0qd1_7648134367414448855'
